[2016-03-27 00:33:23] START
[2016-03-27 00:35:26] EDIT mywiki/models/db.py: 35
[2016-03-27 00:39:07] EDIT mywiki/controllers/default.py: 10
[2016-03-27 00:40:12] EDIT mywiki/controllers/default.py: 0
[2016-03-27 00:40:14] EDIT mywiki/controllers/default.py: 0
[2016-03-27 00:41:00] CREATE default/create.html: 0
[2016-03-27 00:41:12] EDIT mywiki/views/default/create.html: 0
[2016-03-27 00:41:58] EDIT mywiki/views/default/index.html: -42
[2016-03-27 00:42:28] CREATE default/show.html: 0
[2016-03-27 00:42:39] EDIT mywiki/views/default/show.html: 9
[2016-03-27 00:43:14] CREATE default/edit.html: 0
[2016-03-27 00:43:35] EDIT mywiki/views/default/edit.html: 1
[2016-03-27 00:44:19] CREATE default/documents.html: 0
[2016-03-27 00:44:34] EDIT mywiki/views/default/documents.html: 2
[2016-03-27 00:45:02] CREATE default/search.html: 0
[2016-03-27 00:45:09] EDIT mywiki/views/default/search.html: 1
[2016-03-27 01:35:07] EDIT mywiki/models/db.py: -11
[2016-03-27 01:35:31] EDIT mywiki/controllers/default.py: -8
[2016-03-27 01:35:43] DELETE mywiki/views/default/documents.html: -5
[2016-03-27 01:38:32] EDIT mywiki/views/default/index.html: 0
[2016-03-27 01:43:07] EDIT mywiki/views/default/index.html: -3
[2016-03-27 01:44:54] EDIT mywiki/controllers/default.py: 4
[2016-03-27 01:49:32] EDIT mywiki/controllers/default.py: 0
[2016-03-27 01:50:39] CREATE default/showall.html: 0
[2016-03-27 01:50:58] EDIT mywiki/views/default/showall.html: 1
[2016-03-27 01:52:09] EDIT mywiki/controllers/default.py: 1
[2016-03-27 02:01:37] EDIT mywiki/models/db.py: 5
[2016-03-27 02:02:15] EDIT mywiki/models/db.py: 0
[2016-03-27 02:03:33] EDIT mywiki/views/default/create.html: 0
[2016-03-27 02:04:58] CREATE default/showmy.html: 0
[2016-03-27 02:06:20] EDIT mywiki/views/default/showmy.html: 1
[2016-03-27 02:08:28] EDIT mywiki/controllers/default.py: 4
[2016-03-27 02:09:39] EDIT mywiki/views/default/showall.html: 0
[2016-03-27 02:10:00] EDIT mywiki/views/default/showmy.html: 0
[2016-03-27 02:13:26] EDIT mywiki/controllers/default.py: 0
[2016-03-27 02:13:29] EDIT mywiki/views/default/create.html: 0
[2016-03-27 02:16:21] EDIT mywiki/controllers/default.py: 0
[2016-03-27 02:20:25] EDIT mywiki/views/default/show.html: -1
[2016-03-27 02:23:07] EDIT mywiki/views/default/show.html: 1
[2016-03-27 02:25:25] EDIT mywiki/views/default/index.html: 1
[2016-03-27 02:28:42] EDIT mywiki/controllers/default.py: 1
[2016-03-27 02:33:52] EDIT mywiki/models/db.py: 0
[2016-03-27 02:34:39] EDIT mywiki/models/db.py: 0
[2016-03-27 02:39:11] EDIT mywiki/views/default/index.html: 0
[2016-03-27 02:39:32] CREATE default/afterlogin.html: 0
[2016-03-27 02:43:48] EDIT mywiki/controllers/default.py: 5
[2016-03-27 02:44:02] EDIT mywiki/views/default/afterlogin.html: 1
[2016-03-27 02:46:16] EDIT mywiki/models/db.py: -2
[2016-03-27 02:49:00] EDIT mywiki/views/default/afterlogin.html: 0
[2016-03-27 02:57:09] EDIT mywiki/controllers/default.py: 1
[2016-03-27 02:59:13] EDIT mywiki/controllers/default.py: 0
[2016-03-27 03:00:27] EDIT mywiki/controllers/default.py: 3
[2016-03-27 03:02:15] EDIT mywiki/views/default/show.html: 2
[2016-03-27 03:12:47] EDIT mywiki/models/db.py: 0
[2016-03-27 03:13:36] EDIT mywiki/models/db.py: 0
[2016-03-27 03:17:23] EDIT mywiki/models/db.py: 2
[2016-03-27 03:24:51] CREATE default/like.html: 0
[2016-03-27 03:25:09] EDIT mywiki/views/default/like.html: -1
[2016-03-27 03:25:22] EDIT mywiki/controllers/default.py: 7
[2016-03-27 03:25:28] EDIT mywiki/views/default/edit.html: 0
[2016-03-27 03:26:08] EDIT mywiki/views/default/show.html: 1
[2016-03-27 03:27:34] EDIT mywiki/views/default/show.html: 1
[2016-03-27 03:30:18] EDIT mywiki/models/db.py: 0
[2016-03-27 03:31:44] EDIT mywiki/controllers/default.py: 0
[2016-03-27 03:32:19] EDIT mywiki/controllers/default.py: 0
[2016-03-27 03:40:24] EDIT mywiki/controllers/default.py: 0
[2016-03-27 03:40:51] EDIT mywiki/views/default/show.html: 0
[2016-03-27 03:41:58] EDIT mywiki/controllers/default.py: 0
[2016-03-27 03:45:48] EDIT mywiki/views/default/show.html: 0
[2016-03-27 03:46:23] EDIT mywiki/models/db.py: 0
[2016-03-27 03:46:42] EDIT mywiki/models/db.py: -1
[2016-03-27 03:47:08] EDIT mywiki/models/db.py: 1
[2016-03-27 03:53:00] EDIT mywiki/controllers/default.py: -2
[2016-03-27 03:53:59] EDIT mywiki/views/default/show.html: 0
[2016-03-27 03:54:28] EDIT mywiki/controllers/default.py: 1
[2016-03-27 04:17:52] EDIT mywiki/models/db.py: 27
[2016-03-27 04:18:03] EDIT mywiki/controllers/default.py: 0
[2016-03-27 04:18:08] EDIT mywiki/views/default/like.html: 0
[2016-03-27 04:18:11] EDIT mywiki/views/default/edit.html: 0
[2016-03-27 04:18:14] EDIT mywiki/views/default/show.html: 0
[2016-03-27 04:18:18] EDIT mywiki/models/db.py: 0
[2016-03-27 04:23:32] EDIT mywiki/models/db.py: 0
[2016-03-27 04:24:25] EDIT mywiki/controllers/default.py: 0
[2016-03-27 04:34:38] EDIT mywiki/models/db.py: -1
[2016-03-27 04:35:24] EDIT mywiki/controllers/default.py: 0
[2016-03-27 04:42:34] EDIT mywiki/controllers/default.py: 6
[2016-03-27 04:44:40] EDIT mywiki/views/default/showall.html: 8
[2016-03-27 06:03:33] EDIT mywiki/controllers/default.py: 6
[2016-03-27 06:04:01] EDIT mywiki/views/default/showmy.html: 8
[2016-03-27 06:04:03] EDIT mywiki/views/default/showall.html: 0
[2016-03-27 06:06:03] EDIT mywiki/models/db.py: -4
[2016-03-27 06:14:48] EDIT mywiki/controllers/default.py: 3
[2016-03-27 06:17:14] EDIT mywiki/views/default/showall.html: 0
[2016-03-27 06:19:17] EDIT mywiki/views/default/showall.html: 0
[2016-03-27 06:19:55] EDIT mywiki/views/default/showmy.html: 0
[2016-03-27 06:21:41] EDIT mywiki/views/default/showmy.html: -1
[2016-03-27 06:24:53] EDIT mywiki/views/default/showmy.html: 0
[2016-03-27 06:28:07] EDIT mywiki/views/default/showall.html: -1
[2016-03-27 06:32:39] EDIT mywiki/views/default/showall.html: 6
[2016-03-27 06:33:01] EDIT mywiki/views/default/showmy.html: 6
[2016-03-27 06:34:48] EDIT mywiki/views/default/showmy.html: 0
[2016-03-27 06:34:51] EDIT mywiki/views/default/showall.html: 0
[2016-03-27 06:38:51] EDIT mywiki/views/default/showall.html: 1
[2016-03-27 06:39:12] EDIT mywiki/views/default/showmy.html: 1
[2016-03-27 06:40:46] EDIT mywiki/views/default/show.html: 1
[2016-03-27 06:41:37] EDIT mywiki/views/default/show.html: 1
[2016-03-27 06:42:16] EDIT mywiki/views/default/show.html: 1
[2016-03-27 06:42:50] EDIT mywiki/views/default/show.html: 0
[2016-03-27 06:44:29] EDIT mywiki/views/default/show.html: 0
[2016-03-27 06:45:45] EDIT mywiki/views/default/showall.html: 0
[2016-03-27 06:45:54] EDIT mywiki/views/default/showmy.html: 0
[2016-03-27 06:55:20] EDIT mywiki/views/default/showall.html: 6
[2016-03-27 06:57:14] EDIT mywiki/views/layout.html: 0
[2016-03-27 06:57:24] EDIT mywiki/views/default/showall.html: -6
[2016-03-27 06:57:27] EDIT mywiki/views/default/show.html: 0
[2016-03-27 06:57:29] EDIT mywiki/views/default/showmy.html: 0
[2016-03-27 06:57:32] EDIT mywiki/views/layout.html: 0
[2016-03-27 06:59:09] EDIT mywiki/views/layout.html: 0
[2016-03-27 06:59:10] EDIT mywiki/views/layout.html: 0
[2016-03-27 06:59:11] EDIT mywiki/views/layout.html: 0
[2016-03-27 07:08:51] EDIT mywiki/static/css/web2py.css: 4
[2016-03-27 07:09:17] EDIT mywiki/static/css/web2py.css: 0
[2016-03-27 07:09:27] EDIT mywiki/views/layout.html: 0
[2016-03-27 07:09:29] EDIT mywiki/views/default/show.html: 0
[2016-03-27 07:09:32] EDIT mywiki/views/default/showall.html: 0
[2016-03-27 07:09:35] EDIT mywiki/views/default/showmy.html: 0
[2016-03-27 07:09:37] EDIT mywiki/views/default/showmy.html: 0
[2016-03-27 07:12:37] EDIT mywiki/controllers/default.py: 0
[2016-03-27 07:14:00] EDIT mywiki/views/default/showall.html: 0
[2016-03-27 07:14:09] EDIT mywiki/views/default/showmy.html: 0
[2016-03-27 07:15:49] EDIT mywiki/views/default/show.html: 0
[2016-03-27 07:15:56] EDIT mywiki/views/layout.html: 0
[2016-03-27 07:21:15] EDIT mywiki/static/css/web2py.css: -4
[2016-03-27 07:22:07] EDIT mywiki/static/css/web2py.css: 0
[2016-03-27 15:45:22] EDIT mywiki/views/default/afterlogin.html: 52
[2016-03-27 15:47:23] EDIT mywiki/views/default/afterlogin.html: 0
[2016-03-27 15:51:53] EDIT mywiki/views/default/afterlogin.html: 0
[2016-03-27 15:52:59] EDIT mywiki/views/default/afterlogin.html: 0
[2016-03-27 15:54:27] EDIT mywiki/views/default/afterlogin.html: 0
[2016-03-27 15:56:04] EDIT mywiki/views/default/showmy.html: 1
[2016-03-27 15:56:56] EDIT mywiki/views/default/showmy.html: -1
[2016-03-27 15:57:47] EDIT mywiki/views/default/afterlogin.html: 0
[2016-03-27 15:58:01] EDIT mywiki/views/default/afterlogin.html: 0
[2016-03-27 15:59:06] EDIT mywiki/views/default/showmy.html: 0
[2016-03-27 16:28:49] EDIT mywiki/views/default/afterlogin.html: 0
[2016-03-27 16:28:52] EDIT mywiki/views/default/showmy.html: 0
[2016-03-27 16:28:58] EDIT mywiki/views/default/showall.html: 0
[2016-03-27 16:29:13] EDIT mywiki/views/default/showall.html: 0
[2016-03-27 16:29:34] EDIT mywiki/views/default/afterlogin.html: 0
[2016-03-27 16:34:26] EDIT mywiki/controllers/default.py: 0
[2016-03-27 16:38:03] EDIT mywiki/controllers/default.py: 0
[2016-03-27 16:38:07] EDIT mywiki/models/db.py: 0
[2016-03-27 16:41:27] EDIT mywiki/models/menu.py: 0
[2016-03-28 00:02:35] EDIT mywiki/models/db.py: 0
[2016-03-28 00:10:27] EDIT mywiki/models/db.py: 1
[2016-03-28 00:11:37] EDIT mywiki/models/db.py: 0
[2016-03-28 00:16:20] EDIT mywiki/models/db.py: -1
[2016-03-28 00:19:49] EDIT mywiki/models/db.py: 0
[2016-03-28 00:24:34] EDIT mywiki/controllers/default.py: 0
[2016-03-28 00:31:43] EDIT mywiki/models/menu.py: -89
[2016-03-28 00:33:12] EDIT mywiki/models/menu.py: 0
[2016-03-28 00:38:34] EDIT mywiki/static/css/web2py-bootstrap3.css: 1
[2016-03-28 00:40:44] EDIT mywiki/static/css/web2py-bootstrap3.css: 0
[2016-03-28 00:41:02] EDIT mywiki/static/css/web2py-bootstrap3.css: 0
[2016-03-28 00:57:40] EDIT mywiki/static/css/bootstrap.min.css: 0
[2016-03-28 00:58:28] EDIT mywiki/static/css/bootstrap.min.css: 0
[2016-03-28 01:01:50] EDIT mywiki/views/default/showall.html: 1
[2016-03-28 01:02:03] EDIT mywiki/views/default/showall.html: 0
[2016-03-28 01:03:36] EDIT mywiki/views/default/afterlogin.html: -52
[2016-03-28 01:04:52] EDIT mywiki/views/default/showmy.html: 0
[2016-03-28 01:05:09] EDIT mywiki/views/default/showall.html: -1
[2016-03-28 01:05:24] EDIT mywiki/views/default/showmy.html: 0
[2016-03-28 01:09:35] EDIT mywiki/views/default/showall.html: 0
[2016-03-28 01:09:49] EDIT mywiki/views/default/showmy.html: 0
[2016-03-28 01:18:24] EDIT mywiki/views/default/showmy.html: -1
[2016-03-28 01:18:56] EDIT mywiki/views/default/showmy.html: 0
[2016-03-28 01:19:21] EDIT mywiki/views/default/showmy.html: 1
[2016-03-28 01:20:23] EDIT mywiki/views/default/showmy.html: -1
[2016-03-28 01:21:58] EDIT mywiki/views/default/showmy.html: 0
[2016-03-28 01:22:51] EDIT mywiki/views/default/showmy.html: 0
[2016-03-28 01:23:13] EDIT mywiki/views/default/showmy.html: 0
[2016-03-28 01:27:45] EDIT mywiki/views/default/showmy.html: 0
[2016-03-28 01:29:51] EDIT mywiki/views/default/show.html: 0
[2016-03-28 01:44:16] EDIT mywiki/static/css/bootstrap.min.css: 4
[2016-03-28 01:44:59] EDIT mywiki/models/menu.py: 0
[2016-03-28 01:45:07] EDIT mywiki/static/css/bootstrap.min.css: 0
[2016-03-28 01:45:12] EDIT mywiki/views/default/show.html: 0
[2016-03-28 18:34:10] EDIT mywiki/views/default/showall.html: 0
[2016-03-28 20:20:00] EDIT mywiki/static/css/web2py-bootstrap3.css.bak: 1
[2016-03-28 20:20:01] EDIT mywiki/static/css/web2py-bootstrap3.css.bak: 0
[2016-03-28 20:20:18] EDIT mywiki/static/css/web2py-bootstrap3.css.bak: 0
[2016-03-28 20:20:42] EDIT mywiki/static/css/web2py-bootstrap3.css.bak: 0
[2016-03-28 20:21:27] EDIT mywiki/static/css/web2py-bootstrap3.css.bak: 1
[2016-03-28 20:22:00] EDIT mywiki/static/css/web2py-bootstrap3.css.bak: 0
[2016-03-28 20:22:36] EDIT mywiki/static/css/web2py-bootstrap3.css.bak: 0
[2016-03-28 20:24:40] EDIT mywiki/static/css/web2py-bootstrap3.css: 2
[2016-03-28 20:27:26] EDIT mywiki/static/css/bootstrap.min.css: 0
[2016-03-28 20:29:06] EDIT mywiki/views/default/showall.html: -1
[2016-03-28 20:29:22] EDIT mywiki/views/default/showmy.html: 0
[2016-03-28 20:29:26] EDIT mywiki/views/default/showall.html: 0
[2016-03-28 20:31:16] EDIT mywiki/static/css/bootstrap.min.css: 2
[2016-03-28 20:32:31] EDIT mywiki/static/css/bootstrap.min.css: 0
[2016-03-28 20:33:08] EDIT mywiki/static/css/bootstrap.min.css: 0
[2016-03-28 20:35:09] EDIT mywiki/views/default/show.html: 0
[2016-03-28 20:39:41] EDIT mywiki/static/css/bootstrap.min.css: 0
[2016-03-28 20:49:09] EDIT mywiki/views/default/show.html: 0
[2016-03-28 20:55:02] EDIT mywiki/static/css/bootstrap.min.css: 0
[2016-03-28 20:55:31] EDIT mywiki/static/css/bootstrap.min.css: 0
[2016-03-28 21:01:17] EDIT mywiki/static/css/bootstrap.min.css: 0
[2016-03-28 21:01:20] EDIT mywiki/static/css/bootstrap.min.css: 0
[2016-03-28 21:01:33] EDIT mywiki/static/css/bootstrap.min.css: 0
[2016-03-28 21:34:31] EDIT mywiki/static/css/bootstrap.min.css: 0
[2016-03-28 21:36:20] DELETE mywiki/views/default/afterlogin.html.1: -56
[2016-03-28 21:36:56] DELETE mywiki/static/css/web2py-bootstrap3.css.bak.1: -309
[2016-03-28 21:37:05] DELETE mywiki/static/css/bootstrap.min.css.1: -18
[2016-03-28 21:37:23] DELETE mywiki/static/css/web2py.css.bak: -259
[2016-03-28 21:37:36] DELETE mywiki/static/css/web2py-bootstrap3.css.bak.bak: -309
[2016-03-28 21:37:45] DELETE mywiki/static/css/web2py-bootstrap3.css.bak: -307
[2016-03-28 21:37:52] DELETE mywiki/static/css/bootstrap.min.css.bak: -18
[2016-03-28 21:48:10] EDIT mywiki/static/css/bootstrap.min.css: 0
[2016-03-28 21:58:47] EDIT mywiki/views/default/afterlogin.html: 3
[2016-03-28 22:01:20] EDIT mywiki/views/default/edit.html: 1
[2016-03-28 22:05:54] EDIT mywiki/views/default/show.html: 0
[2016-03-28 22:06:03] EDIT mywiki/views/default/showall.html: 0
[2016-03-28 22:06:13] EDIT mywiki/views/default/edit.html: 0
[2016-03-28 22:06:26] EDIT mywiki/static/css/bootstrap.min.css: 0
[2016-03-28 23:20:30] CREATE layout2.html: 0
[2016-03-28 23:21:40] EDIT mywiki/views/layout2.html: 124
[2016-03-28 23:24:07] EDIT mywiki/views/layout2.html: 0
[2016-03-28 23:27:07] EDIT mywiki/static/css/bootstrap.min.css: -6
[2016-03-28 23:27:19] EDIT mywiki/static/css/bootstrap.min.css: 0
[2016-03-28 23:28:08] EDIT mywiki/static/css/bootstrap.min.css: 0
[2016-03-28 23:28:09] EDIT mywiki/static/css/bootstrap.min.css: 0
[2016-03-28 23:28:09] EDIT mywiki/static/css/bootstrap.min.css: 0
[2016-03-28 23:28:09] EDIT mywiki/static/css/bootstrap.min.css: 0
[2016-03-28 23:32:50] EDIT mywiki/static/css/bootstrap.min.css: 0
[2016-03-28 23:32:51] EDIT mywiki/static/css/bootstrap.min.css: 0
[2016-03-28 23:32:51] EDIT mywiki/static/css/bootstrap.min.css: 0
[2016-03-28 23:32:51] EDIT mywiki/static/css/bootstrap.min.css: 0
[2016-03-28 23:32:57] EDIT mywiki/static/css/bootstrap.min.css: 0
[2016-03-28 23:34:21] EDIT mywiki/views/default/show.html: 0
[2016-03-28 23:34:56] EDIT mywiki/models/db.py: 0
[2016-03-28 23:35:13] EDIT mywiki/views/default/show.html: 0
[2016-03-28 23:37:53] EDIT mywiki/static/css/bootstrap.min.css: 0
[2016-03-28 23:43:51] EDIT mywiki/static/css/bootstrap.min.css: 0
[2016-03-28 23:45:19] EDIT mywiki/views/default/showall.html: 0
[2016-03-28 23:45:51] EDIT mywiki/views/default/showmy.html: 0
[2016-03-28 23:48:40] EDIT mywiki/controllers/default.py: 2
[2016-03-28 23:49:28] EDIT mywiki/controllers/default.py: 0
[2016-03-28 23:52:17] EDIT mywiki/views/default/index.html: 0
[2016-03-28 23:52:20] EDIT mywiki/controllers/default.py: 0
[2016-03-28 23:52:31] EDIT mywiki/static/css/bootstrap.min.css: 0
[2016-03-28 23:59:02] EDIT mywiki/static/css/bootstrap.min.css: 0
[2016-03-29 00:01:05] EDIT mywiki/views/default/showall.html: 4
[2016-03-29 00:01:31] EDIT mywiki/views/default/showall.html: -4
[2016-03-29 00:01:33] EDIT mywiki/views/default/showall.html: 0
[2016-03-29 00:02:17] EDIT mywiki/controllers/default.py: -1
[2016-03-29 00:05:09] EDIT mywiki/controllers/default.py: 1
[2016-03-29 00:05:16] EDIT mywiki/views/default/edit.html: 0
[2016-03-29 00:09:05] EDIT mywiki/models/db.py: 2
[2016-03-29 00:11:22] EDIT mywiki/models/db.py: 2
[2016-03-29 00:11:57] EDIT mywiki/models/db.py: -2
[2016-03-29 00:17:25] EDIT mywiki/controllers/default.py: 1
[2016-03-29 00:17:51] EDIT mywiki/controllers/default.py: 0
[2016-03-29 00:18:22] EDIT mywiki/models/db.py: 0
[2016-03-29 00:19:14] EDIT mywiki/controllers/default.py: -1
[2016-03-29 00:20:42] EDIT mywiki/models/db.py: 0
[2016-03-29 00:21:02] EDIT mywiki/controllers/default.py: 0
[2016-03-29 00:22:02] EDIT mywiki/models/db.py: -1
[2016-03-29 00:26:50] EDIT mywiki/controllers/default.py: 1
[2016-03-29 00:26:54] EDIT mywiki/controllers/default.py: 0
[2016-03-29 00:28:10] EDIT mywiki/models/menu.py: -2
[2016-03-29 00:29:33] EDIT mywiki/models/menu.py: 2
[2016-03-29 00:30:31] EDIT mywiki/controllers/default.py: 0
[2016-03-29 00:31:42] EDIT mywiki/models/db.py: 0
[2016-03-29 00:33:39] EDIT mywiki/models/menu.py: -1
[2016-03-29 00:36:19] EDIT mywiki/controllers/default.py: 0
[2016-03-29 00:36:24] EDIT mywiki/views/default/show.html: 0
[2016-03-29 00:36:58] EDIT mywiki/controllers/default.py: 0
[2016-03-29 00:38:59] EDIT mywiki/models/menu.py: 0
[2016-03-29 00:42:26] EDIT mywiki/models/db.py: 2
[2016-03-29 00:44:04] EDIT mywiki/views/default/show.html: 4
[2016-03-29 00:45:29] EDIT mywiki/views/default/showall.html: 0
[2016-03-29 00:46:05] EDIT mywiki/views/default/showall.html: 0
[2016-03-29 00:46:37] EDIT mywiki/views/default/showmy.html: 0
[2016-03-29 00:46:40] EDIT mywiki/views/default/showall.html: 0
[2016-03-29 00:48:21] EDIT mywiki/views/default/show.html: 1
[2016-03-29 01:03:05] EDIT mywiki/views/default/showmy.html: 0
[2016-03-29 01:05:07] EDIT mywiki/views/default/search.html: 0
[2016-03-29 01:05:50] EDIT mywiki/views/default/search.html: 0
[2016-03-29 01:09:21] EDIT mywiki/controllers/default.py: 0
[2016-03-29 02:48:48] EDIT mywiki/models/db.py: 0
[2016-03-29 02:58:32] EDIT mywiki/models/db.py: 1
[2016-03-29 03:07:32] EDIT mywiki/models/db.py: 1
[2016-03-29 03:07:32] EDIT mywiki/models/db.py: 0
[2016-03-29 03:09:03] DELETE mywiki/views/default/show.html.1: -23
[2016-03-29 03:14:20] EDIT mywiki/models/db.py: 0
[2016-03-29 03:15:24] EDIT mywiki/views/default/showall.html: 0
[2016-03-29 03:15:28] EDIT mywiki/models/db.py: 0
[2016-03-29 03:16:38] EDIT mywiki/views/default/showall.html: 0
[2016-03-29 03:16:55] EDIT mywiki/views/default/showmy.html: 0
[2016-03-29 03:16:58] EDIT mywiki/views/default/showall.html: 0
[2016-03-29 03:17:30] EDIT mywiki/views/default/showall.html: 0
[2016-03-29 03:17:42] EDIT mywiki/views/default/showmy.html: 0
[2016-03-29 03:18:11] EDIT mywiki/views/default/showmy.html: 0
[2016-03-29 03:18:23] EDIT mywiki/views/default/showall.html: 0
[2016-03-29 03:19:15] EDIT mywiki/views/default/showmy.html: 0
[2016-03-29 03:20:03] EDIT mywiki/views/default/showmy.html: 0
[2016-03-29 03:20:05] EDIT mywiki/views/default/showall.html: 0
[2016-03-29 03:20:39] EDIT mywiki/views/default/showall.html: 0
[2016-03-29 03:51:55] EDIT mywiki/views/default/showmy.html: 0
[2016-03-29 03:51:57] EDIT mywiki/views/default/showall.html: 0
[2016-03-29 03:52:00] EDIT mywiki/models/db.py: 0
[2016-03-29 15:51:22] EDIT mywiki/views/default/showall.html: 0
[2016-03-29 15:51:59] EDIT mywiki/views/default/showall.html: 0
[2016-03-29 15:52:28] EDIT mywiki/views/default/showall.html: 0
[2016-03-29 15:54:35] EDIT mywiki/views/default/showall.html: 0
[2016-03-29 15:55:24] EDIT mywiki/views/default/showall.html: 0
[2016-03-29 15:56:47] EDIT mywiki/views/default/showall.html: 0
[2016-03-29 15:57:33] EDIT mywiki/views/default/showmy.html: 0
[2016-03-29 16:00:14] EDIT mywiki/views/default/showall.html: 3
[2016-03-29 16:03:30] EDIT mywiki/models/db.py: 1
[2016-03-29 16:05:04] EDIT mywiki/models/db.py: 0
[2016-03-29 16:06:56] EDIT mywiki/models/db.py: -1
[2016-03-29 16:07:50] EDIT mywiki/models/db.py: 1
[2016-03-29 16:08:17] EDIT mywiki/models/db.py: 0
[2016-03-29 16:11:33] EDIT mywiki/models/db.py: 0
[2016-03-29 16:15:25] EDIT mywiki/views/default/create.html: 2
[2016-03-29 16:16:25] EDIT mywiki/views/default/create.html: 0
[2016-03-29 16:17:47] EDIT mywiki/views/default/create.html: 0
[2016-03-29 16:19:22] EDIT mywiki/views/default/create.html: 0
[2016-03-29 16:22:57] EDIT mywiki/views/default/create.html: 0
[2016-03-29 16:22:58] EDIT mywiki/views/default/create.html: 0
[2016-03-29 16:23:37] EDIT mywiki/views/default/create.html: 0
[2016-03-29 16:24:21] EDIT mywiki/views/default/create.html: 0
[2016-03-29 16:25:12] EDIT mywiki/views/default/create.html: 0
[2016-03-29 16:25:36] EDIT mywiki/views/default/create.html: 0
[2016-03-29 16:26:12] EDIT mywiki/views/default/create.html: 0
[2016-03-29 16:26:33] EDIT mywiki/views/default/create.html: 0
[2016-03-29 16:26:55] EDIT mywiki/views/default/create.html: 0
[2016-03-29 16:27:01] EDIT mywiki/views/default/create.html: 0
[2016-03-29 16:29:06] EDIT mywiki/views/default/create.html: 0
[2016-03-29 16:31:35] EDIT mywiki/views/default/create.html: -2
[2016-03-29 19:01:53] EDIT mywiki/views/default/show.html: 4
[2016-03-29 19:02:03] EDIT mywiki/controllers/default.py: 18
[2016-03-29 19:02:48] EDIT mywiki/controllers/default.py: 0
[2016-03-29 19:02:50] EDIT mywiki/views/default/show.html: 0
[2016-03-29 19:02:53] EDIT mywiki/models/db.py: 4
[2016-03-29 19:05:30] EDIT mywiki/models/db.py: 2
[2016-03-29 19:09:43] EDIT mywiki/views/default/show.html: 9
[2016-03-29 19:11:32] EDIT mywiki/views/default/show.html: 0
[2016-03-29 19:11:34] EDIT mywiki/controllers/default.py: 4
[2016-03-29 19:12:22] EDIT mywiki/views/default/show.html: 1
[2016-03-29 19:13:05] EDIT mywiki/views/default/show.html: 1
[2016-03-29 19:13:39] EDIT mywiki/views/default/show.html: 1
[2016-03-29 19:14:15] EDIT mywiki/views/default/show.html: 0
[2016-03-29 19:14:54] EDIT mywiki/views/default/show.html: 1
[2016-03-29 19:14:57] EDIT mywiki/views/default/show.html: 0
[2016-03-29 19:17:30] EDIT mywiki/views/default/show.html: -4
[2016-03-29 19:17:54] EDIT mywiki/views/default/show.html: 0
[2016-03-29 19:18:13] EDIT mywiki/views/default/show.html: 0
[2016-03-29 19:18:31] EDIT mywiki/views/default/show.html: 0
[2016-03-29 19:19:26] EDIT mywiki/views/default/show.html: 0
[2016-03-29 19:19:28] EDIT mywiki/controllers/default.py: 0
[2016-03-29 19:19:31] EDIT mywiki/models/db.py: 0
[2016-03-29 23:16:13] EDIT mywiki/static/css/bootstrap.min.css: 0
[2016-03-29 23:20:08] EDIT mywiki/static/css/bootstrap.min.css: 0
[2016-03-29 23:23:46] EDIT mywiki/views/default/showall.html: 0
[2016-03-29 23:24:13] EDIT mywiki/views/default/showall.html: 0
[2016-03-29 23:24:33] EDIT mywiki/views/default/showall.html: 0
[2016-03-29 23:24:53] EDIT mywiki/views/default/showall.html: 0
[2016-03-29 23:26:08] EDIT mywiki/views/default/showall.html: 0
[2016-03-29 23:27:49] EDIT mywiki/views/default/showall.html: 0
[2016-03-29 23:28:14] EDIT mywiki/views/default/showall.html: 0
[2016-03-29 23:28:48] EDIT mywiki/views/default/showall.html: 0
[2016-03-29 23:45:12] EDIT mywiki/views/default/showmy.html: 0
[2016-03-30 00:12:02] EDIT mywiki/views/default/show.html: -3
[2016-03-30 00:14:49] EDIT mywiki/views/default/show.html: 0
[2016-04-09 14:01:45] EDIT mywiki/models/menu.py: 0
[2016-04-09 14:03:17] EDIT mywiki/models/menu.py: 0
[2016-04-09 14:03:28] EDIT mywiki/models/menu.py: 0
[2016-04-09 14:03:28] EDIT mywiki/models/menu.py: 0
[2016-04-09 14:03:29] EDIT mywiki/models/menu.py: 0
[2016-04-09 14:03:29] EDIT mywiki/models/menu.py: 0
[2016-04-09 14:03:39] EDIT mywiki/models/menu.py: 0
[2016-04-09 14:03:42] EDIT mywiki/models/menu.py: 0
[2016-04-09 14:03:57] EDIT mywiki/models/menu.py: 0
[2016-04-09 14:04:30] EDIT mywiki/models/menu.py: 0
[2016-04-09 14:04:33] EDIT mywiki/models/menu.py: 0
